C:\USERS\NICK\DOCUMENTS\VISUAL STUDIO 2012\PROJECTS\ASSIGNMENT 3 - SPACE INVADERS\ASSIGNMENT 3 - SPACE INVADERS\DEBUG\BULLET.OBJ
C:\USERS\NICK\DOCUMENTS\VISUAL STUDIO 2012\PROJECTS\ASSIGNMENT 3 - SPACE INVADERS\ASSIGNMENT 3 - SPACE INVADERS\DEBUG\ENTITY.OBJ
C:\USERS\NICK\DOCUMENTS\VISUAL STUDIO 2012\PROJECTS\ASSIGNMENT 3 - SPACE INVADERS\ASSIGNMENT 3 - SPACE INVADERS\DEBUG\SPRITESHEET.OBJ
C:\USERS\NICK\DOCUMENTS\VISUAL STUDIO 2012\PROJECTS\ASSIGNMENT 3 - SPACE INVADERS\ASSIGNMENT 3 - SPACE INVADERS\DEBUG\VC110.PDB
C:\USERS\NICK\DOCUMENTS\VISUAL STUDIO 2012\PROJECTS\ASSIGNMENT 3 - SPACE INVADERS\ASSIGNMENT 3 - SPACE INVADERS\DEBUG\APP.OBJ
C:\USERS\NICK\DOCUMENTS\VISUAL STUDIO 2012\PROJECTS\ASSIGNMENT 3 - SPACE INVADERS\ASSIGNMENT 3 - SPACE INVADERS\DEBUG\SPACEINVADERS.OBJ
c:\Users\Nick\documents\visual studio 2012\Projects\Assignment 3 - Space Invaders\Assignment 3 - Space Invaders\Debug\Bullet.obj
c:\Users\Nick\documents\visual studio 2012\Projects\Assignment 3 - Space Invaders\Assignment 3 - Space Invaders\Debug\Entity.obj
c:\Users\Nick\documents\visual studio 2012\Projects\Assignment 3 - Space Invaders\Assignment 3 - Space Invaders\Debug\SpaceInvaders.obj
c:\Users\Nick\documents\visual studio 2012\Projects\Assignment 3 - Space Invaders\Assignment 3 - Space Invaders\Debug\Spritesheet.obj
c:\Users\Nick\documents\visual studio 2012\Projects\Assignment 3 - Space Invaders\Assignment 3 - Space Invaders\Debug\cl.command.1.tlog
c:\Users\Nick\documents\visual studio 2012\Projects\Assignment 3 - Space Invaders\Assignment 3 - Space Invaders\Debug\CL.read.1.tlog
c:\Users\Nick\documents\visual studio 2012\Projects\Assignment 3 - Space Invaders\Assignment 3 - Space Invaders\Debug\CL.write.1.tlog
c:\Users\Nick\documents\visual studio 2012\Projects\Assignment 3 - Space Invaders\Assignment 3 - Space Invaders\Debug\link-cvtres.read.1.tlog
c:\Users\Nick\documents\visual studio 2012\Projects\Assignment 3 - Space Invaders\Assignment 3 - Space Invaders\Debug\link-cvtres.write.1.tlog
c:\Users\Nick\documents\visual studio 2012\Projects\Assignment 3 - Space Invaders\Assignment 3 - Space Invaders\Debug\link-rc.read.1.tlog
c:\Users\Nick\documents\visual studio 2012\Projects\Assignment 3 - Space Invaders\Assignment 3 - Space Invaders\Debug\link-rc.write.1.tlog
c:\Users\Nick\documents\visual studio 2012\Projects\Assignment 3 - Space Invaders\Assignment 3 - Space Invaders\Debug\link.command.1.tlog
c:\Users\Nick\documents\visual studio 2012\Projects\Assignment 3 - Space Invaders\Assignment 3 - Space Invaders\Debug\link.read.1.tlog
c:\Users\Nick\documents\visual studio 2012\Projects\Assignment 3 - Space Invaders\Assignment 3 - Space Invaders\Debug\link.write.1.tlog
c:\Users\Nick\documents\visual studio 2012\Projects\Assignment 3 - Space Invaders\Assignment 3 - Space Invaders\Debug\vc110.idb
c:\Users\Nick\documents\visual studio 2012\Projects\Assignment 3 - Space Invaders\Assignment 3 - Space Invaders\Debug\vc110.pdb
c:\users\nick\documents\visual studio 2012\Projects\Assignment 3 - Space Invaders\Debug\Assignment 3 - Space Invaders.pdb
